[backblue.gif]
[fade.gif]
[index.html]
[demos.codexcoder.com/themeforest/html/casina/casina/assets/images/favicon.png]
[demos.codexcoder.com/themeforest/html/casina/casina/assets/images/shape/body-shape.png]
[demos.codexcoder.com/themeforest/html/casina/casina/assets/images/logo/logo.png]
[demos.codexcoder.com/themeforest/html/casina/casina/assets/images/banner/bg.jpg]
[demos.codexcoder.com/themeforest/html/casina/casina/assets/images/game/01.png]
[demos.codexcoder.com/themeforest/html/casina/casina/assets/images/game/02.png]
[demos.codexcoder.com/themeforest/html/casina/casina/assets/images/game/03.png]
[demos.codexcoder.com/themeforest/html/casina/casina/assets/images/jaqport/jaqport-bg.jpg]
[demos.codexcoder.com/themeforest/html/casina/casina/assets/images/jaqport/country/01.jpg]
[demos.codexcoder.com/themeforest/html/casina/casina/assets/images/jaqport/country/02.jpg]
[demos.codexcoder.com/themeforest/html/casina/casina/assets/images/jaqport/country/03.jpg]
[demos.codexcoder.com/themeforest/html/casina/casina/assets/images/jaqport/country/04.jpg]
[demos.codexcoder.com/themeforest/html/casina/casina/assets/images/jaqport/country/05.jpg]
[demos.codexcoder.com/themeforest/html/casina/casina/assets/images/jaqport/country/06.jpg]
[demos.codexcoder.com/themeforest/html/casina/casina/assets/images/jaqport/country/07.jpg]
[demos.codexcoder.com/themeforest/html/casina/casina/assets/images/jaqport/country/08.jpg]
[demos.codexcoder.com/themeforest/html/casina/casina/assets/images/jaqport/country/09.jpg]
[demos.codexcoder.com/themeforest/html/casina/casina/assets/images/jaqport/country/10.jpg]
[demos.codexcoder.com/themeforest/html/casina/casina/assets/images/jaqport/country/11.jpg]
[demos.codexcoder.com/themeforest/html/casina/casina/assets/images/jaqport/country/12.jpg]
[demos.codexcoder.com/themeforest/html/casina/casina/assets/images/jaqport/01.jpg]
[demos.codexcoder.com/themeforest/html/casina/casina/assets/images/jaqport/02.jpg]
[demos.codexcoder.com/themeforest/html/casina/casina/assets/images/jaqport/03.jpg]
[demos.codexcoder.com/themeforest/html/casina/casina/assets/images/jaqport/04.jpg]
[demos.codexcoder.com/themeforest/html/casina/casina/assets/images/jaqport/05.jpg]
[demos.codexcoder.com/themeforest/html/casina/casina/assets/images/jaqport/06.jpg]
[demos.codexcoder.com/themeforest/html/casina/casina/assets/images/game/04.png]
[demos.codexcoder.com/themeforest/html/casina/casina/assets/images/game/05.png]
[demos.codexcoder.com/themeforest/html/casina/casina/assets/images/game/06.png]
[demos.codexcoder.com/themeforest/html/casina/casina/assets/images/game/07.png]
[demos.codexcoder.com/themeforest/html/casina/casina/assets/images/match/bg.jpg]
[demos.codexcoder.com/themeforest/html/casina/casina/assets/images/game/01.jpg]
[demos.codexcoder.com/themeforest/html/casina/casina/assets/images/game/02.jpg]
[demos.codexcoder.com/themeforest/html/casina/casina/assets/images/game/03.jpg]
[demos.codexcoder.com/themeforest/html/casina/casina/assets/images/game/04.jpg]
[demos.codexcoder.com/themeforest/html/casina/casina/assets/images/faq/01.png]
[demos.codexcoder.com/themeforest/html/casina/casina/assets/images/game/bg.jpg]
[demos.codexcoder.com/themeforest/html/casina/casina/assets/images/game/08.png]
[demos.codexcoder.com/themeforest/html/casina/casina/assets/images/testimonial/bg.png]
[demos.codexcoder.com/themeforest/html/casina/casina/assets/images/testimonial/03.jpg]
[demos.codexcoder.com/themeforest/html/casina/casina/assets/images/testimonial/01.jpg]
[demos.codexcoder.com/themeforest/html/casina/casina/assets/images/testimonial/02.jpg]
[demos.codexcoder.com/themeforest/html/casina/casina/assets/images/footer/bg.jpg]
[demos.codexcoder.com/themeforest/html/casina/casina/assets/images/footer/icons/01.png]
[demos.codexcoder.com/themeforest/html/casina/casina/assets/images/footer/icons/02.png]
[demos.codexcoder.com/themeforest/html/casina/casina/assets/images/footer/icons/03.png]
[demos.codexcoder.com/themeforest/html/casina/casina/assets/images/match/social-1.png]
[demos.codexcoder.com/themeforest/html/casina/casina/assets/images/match/social-2.png]
[demos.codexcoder.com/themeforest/html/casina/casina/assets/images/match/social-3.png]
[demos.codexcoder.com/themeforest/html/casina/casina/assets/images/footer/01.jpg]
[demos.codexcoder.com/themeforest/html/casina/casina/assets/images/footer/02.jpg]
[demos.codexcoder.com/themeforest/html/casina/casina/assets/images/footer/03.jpg]
[demos.codexcoder.com/themeforest/html/casina/casina/assets/js/vendor/jquery-3.6.0.min.js]
[demos.codexcoder.com/themeforest/html/casina/casina/assets/js/vendor/modernizr-3.11.2.min.js]
[demos.codexcoder.com/themeforest/html/casina/casina/assets/js/circularProgressBar.min.js]
[demos.codexcoder.com/themeforest/html/casina/casina/assets/js/isotope.pkgd.min.js]
[demos.codexcoder.com/themeforest/html/casina/casina/assets/js/swiper.min.js]
[demos.codexcoder.com/themeforest/html/casina/casina/assets/js/lightcase.js]
[demos.codexcoder.com/themeforest/html/casina/casina/assets/js/waypoints.min.js]
[demos.codexcoder.com/themeforest/html/casina/casina/assets/js/wow.min.js]
[demos.codexcoder.com/themeforest/html/casina/casina/assets/js/vendor/bootstrap.bundle.min.js]
[demos.codexcoder.com/themeforest/html/casina/casina/assets/js/plugins.js]
[demos.codexcoder.com/themeforest/html/casina/casina/assets/js/viewport.jquery.js]
[demos.codexcoder.com/themeforest/html/casina/casina/assets/js/odometer.min.js]
[demos.codexcoder.com/themeforest/html/casina/casina/assets/js/main.js]
[www.google-analytics.com/analytics.js]
[demos.codexcoder.com/themeforest/html/casina/casina/index.html]
[demos.codexcoder.com/themeforest/html/casina/casina/assets/css/bootstrap.min.css]
[demos.codexcoder.com/themeforest/html/casina/casina/assets/css/animate.css]
[demos.codexcoder.com/themeforest/html/casina/casina/assets/css/fonts/icofont.woff2]
[demos.codexcoder.com/themeforest/html/casina/casina/assets/css/fonts/icofont.woff]
[demos.codexcoder.com/themeforest/html/casina/casina/assets/css/icofont.min.css]
[demos.codexcoder.com/themeforest/html/casina/casina/assets/css/swiper.min.css]
[demos.codexcoder.com/themeforest/html/casina/casina/assets/fonts/lightcaseeead.eot]
[demos.codexcoder.com/themeforest/html/casina/casina/assets/fonts/lightcaseeead.woff]
[demos.codexcoder.com/themeforest/html/casina/casina/assets/fonts/lightcaseeead.ttf]
[demos.codexcoder.com/themeforest/html/casina/casina/assets/css/lightcase.css]
[demos.codexcoder.com/themeforest/html/casina/casina/assets/css/odometer.css]
[demos.codexcoder.com/themeforest/html/casina/casina/assets/images/counter/bg.jpg]
[demos.codexcoder.com/themeforest/html/casina/casina/assets/css/style.min.css]
[demos.codexcoder.com/themeforest/html/casina/casina/assets/images/banner/bg-2.jpg]
[demos.codexcoder.com/themeforest/html/casina/casina/assets/images/banner/bg-3.jpg]
[demos.codexcoder.com/themeforest/html/casina/casina/assets/images/banner/bg-4.jpg]
[demos.codexcoder.com/themeforest/html/casina/casina/assets/images/about/01.jpg]
[demos.codexcoder.com/themeforest/html/casina/casina/assets/images/game/home-2/01.jpg]
[demos.codexcoder.com/themeforest/html/casina/casina/assets/images/game/home-2/02.jpg]
[demos.codexcoder.com/themeforest/html/casina/casina/assets/images/game/home-2/03.jpg]
[demos.codexcoder.com/themeforest/html/casina/casina/assets/images/game/home-2/04.jpg]
[demos.codexcoder.com/themeforest/html/casina/casina/index-2.html]
[demos.codexcoder.com/themeforest/html/casina/casina/assets/images/pageheader/bg.jpg]
[demos.codexcoder.com/themeforest/html/casina/casina/assets/images/about/icon-1.png]
[demos.codexcoder.com/themeforest/html/casina/casina/assets/images/about/icon-2.png]
[demos.codexcoder.com/themeforest/html/casina/casina/assets/images/about/icon-3.png]
[demos.codexcoder.com/themeforest/html/casina/casina/about.html]
[demos.codexcoder.com/themeforest/html/casina/casina/jaqpot.html]
[demos.codexcoder.com/themeforest/html/casina/casina/assets/images/jaqport/07.jpg]
[demos.codexcoder.com/themeforest/html/casina/casina/assets/images/jaqport/08.jpg]
[demos.codexcoder.com/themeforest/html/casina/casina/assets/images/jaqport/09.jpg]
[demos.codexcoder.com/themeforest/html/casina/casina/assets/images/jaqport/10.jpg]
[demos.codexcoder.com/themeforest/html/casina/casina/assets/images/jaqport/11.jpg]
[demos.codexcoder.com/themeforest/html/casina/casina/assets/images/jaqport/12.jpg]
[demos.codexcoder.com/themeforest/html/casina/casina/assets/images/jaqport/13.jpg]
[demos.codexcoder.com/themeforest/html/casina/casina/assets/images/jaqport/14.jpg]
[demos.codexcoder.com/themeforest/html/casina/casina/assets/images/jaqport/15.jpg]
[demos.codexcoder.com/themeforest/html/casina/casina/assets/images/jaqport/16.jpg]
[demos.codexcoder.com/themeforest/html/casina/casina/assets/images/video/bg.jpg]
[demos.codexcoder.com/themeforest/html/casina/casina/assets/images/video/01.jpg]
[demos.codexcoder.com/themeforest/html/casina/casina/assets/images/video/02.jpg]
[demos.codexcoder.com/themeforest/html/casina/casina/assets/images/video/03.jpg]
[demos.codexcoder.com/themeforest/html/casina/casina/assets/images/video/04.jpg]
[demos.codexcoder.com/themeforest/html/casina/casina/assets/images/video/05.jpg]
[demos.codexcoder.com/themeforest/html/casina/casina/game-list.html]
[demos.codexcoder.com/themeforest/html/casina/casina/assets/images/game/05.jpg]
[demos.codexcoder.com/themeforest/html/casina/casina/assets/images/game/06.jpg]
[demos.codexcoder.com/themeforest/html/casina/casina/assets/images/game/07.jpg]
[demos.codexcoder.com/themeforest/html/casina/casina/assets/images/game/08.jpg]
[demos.codexcoder.com/themeforest/html/casina/casina/assets/images/game/09.jpg]
[demos.codexcoder.com/themeforest/html/casina/casina/assets/images/game/10.jpg]
[demos.codexcoder.com/themeforest/html/casina/casina/game-list2.html]
[demos.codexcoder.com/themeforest/html/casina/casina/assets/images/sponsor/01.png]
[demos.codexcoder.com/themeforest/html/casina/casina/assets/images/sponsor/02.png]
[demos.codexcoder.com/themeforest/html/casina/casina/assets/images/sponsor/03.png]
[demos.codexcoder.com/themeforest/html/casina/casina/assets/images/sponsor/04.png]
[demos.codexcoder.com/themeforest/html/casina/casina/assets/images/sponsor/05.png]
[demos.codexcoder.com/themeforest/html/casina/casina/assets/images/sponsor/06.png]
[demos.codexcoder.com/themeforest/html/casina/casina/assets/images/sponsor/07.png]
[demos.codexcoder.com/themeforest/html/casina/casina/assets/images/sponsor/08.png]
[demos.codexcoder.com/themeforest/html/casina/casina/partners.html]
[demos.codexcoder.com/themeforest/html/casina/casina/pricing-plan.html]
[demos.codexcoder.com/themeforest/html/casina/casina/login.html]
[demos.codexcoder.com/themeforest/html/casina/casina/signup.html]
[demos.codexcoder.com/themeforest/html/casina/casina/assets/images/shop/01.jpg]
[demos.codexcoder.com/themeforest/html/casina/casina/assets/images/shop/02.jpg]
[demos.codexcoder.com/themeforest/html/casina/casina/assets/images/shop/03.jpg]
[demos.codexcoder.com/themeforest/html/casina/casina/assets/images/shop/04.jpg]
[demos.codexcoder.com/themeforest/html/casina/casina/assets/images/shop/05.jpg]
[demos.codexcoder.com/themeforest/html/casina/casina/assets/images/shop/06.jpg]
[demos.codexcoder.com/themeforest/html/casina/casina/assets/images/shop/07.jpg]
[demos.codexcoder.com/themeforest/html/casina/casina/assets/images/shop/08.jpg]
[demos.codexcoder.com/themeforest/html/casina/casina/assets/images/shop/09.jpg]
[demos.codexcoder.com/themeforest/html/casina/casina/assets/images/shop/pp/01.jpg]
[demos.codexcoder.com/themeforest/html/casina/casina/assets/images/shop/pp/02.jpg]
[demos.codexcoder.com/themeforest/html/casina/casina/assets/images/shop/pp/03.jpg]
[demos.codexcoder.com/themeforest/html/casina/casina/assets/images/shop/pp/04.jpg]
[demos.codexcoder.com/themeforest/html/casina/casina/shop.html]
[demos.codexcoder.com/themeforest/html/casina/casina/assets/images/clients/01.jpg]
[demos.codexcoder.com/themeforest/html/casina/casina/assets/images/clients/02.jpg]
[demos.codexcoder.com/themeforest/html/casina/casina/assets/images/clients/03.jpg]
[demos.codexcoder.com/themeforest/html/casina/casina/assets/images/clients/04.jpg]
[demos.codexcoder.com/themeforest/html/casina/casina/shop-single.html]
[demos.codexcoder.com/themeforest/html/casina/casina/assets/images/shop/del.png]
[demos.codexcoder.com/themeforest/html/casina/casina/cart-page.html]
[demos.codexcoder.com/themeforest/html/casina/casina/assets/images/404.png]
[demos.codexcoder.com/themeforest/html/casina/casina/404.html]
[demos.codexcoder.com/themeforest/html/casina/casina/tournament.html]
[demos.codexcoder.com/themeforest/html/casina/casina/assets/images/blog/03.jpg]
[demos.codexcoder.com/themeforest/html/casina/casina/assets/images/blog/01.jpg]
[demos.codexcoder.com/themeforest/html/casina/casina/assets/images/blog/02.jpg]
[demos.codexcoder.com/themeforest/html/casina/casina/assets/images/blog/04.jpg]
[demos.codexcoder.com/themeforest/html/casina/casina/assets/images/blog/05.jpg]
[demos.codexcoder.com/themeforest/html/casina/casina/assets/images/blog/06.jpg]
[demos.codexcoder.com/themeforest/html/casina/casina/assets/images/blog/07.jpg]
[demos.codexcoder.com/themeforest/html/casina/casina/assets/images/blog/08.jpg]
[demos.codexcoder.com/themeforest/html/casina/casina/assets/images/blog/09.jpg]
[demos.codexcoder.com/themeforest/html/casina/casina/blog.html]
[demos.codexcoder.com/themeforest/html/casina/casina/assets/images/blog/10.jpg]
[demos.codexcoder.com/themeforest/html/casina/casina/assets/images/blog/11.jpg]
[demos.codexcoder.com/themeforest/html/casina/casina/assets/images/blog/12.jpg]
[demos.codexcoder.com/themeforest/html/casina/casina/assets/images/blog/13.jpg]
[demos.codexcoder.com/themeforest/html/casina/casina/assets/images/blog/p-post/01.jpg]
[demos.codexcoder.com/themeforest/html/casina/casina/assets/images/blog/p-post/02.jpg]
[demos.codexcoder.com/themeforest/html/casina/casina/assets/images/blog/p-post/03.jpg]
[demos.codexcoder.com/themeforest/html/casina/casina/assets/images/blog/p-post/04.jpg]
[demos.codexcoder.com/themeforest/html/casina/casina/assets/images/instragram/01.jpg]
[demos.codexcoder.com/themeforest/html/casina/casina/assets/images/instragram/02.jpg]
[demos.codexcoder.com/themeforest/html/casina/casina/assets/images/instragram/03.jpg]
[demos.codexcoder.com/themeforest/html/casina/casina/assets/images/instragram/04.jpg]
[demos.codexcoder.com/themeforest/html/casina/casina/assets/images/instragram/05.jpg]
[demos.codexcoder.com/themeforest/html/casina/casina/assets/images/instragram/06.jpg]
[demos.codexcoder.com/themeforest/html/casina/casina/assets/images/instragram/07.jpg]
[demos.codexcoder.com/themeforest/html/casina/casina/assets/images/instragram/08.jpg]
[demos.codexcoder.com/themeforest/html/casina/casina/assets/images/instragram/09.jpg]
[demos.codexcoder.com/themeforest/html/casina/casina/blog-2.html]
[demos.codexcoder.com/themeforest/html/casina/casina/assets/images/blog/single/01.jpg]
[demos.codexcoder.com/themeforest/html/casina/casina/assets/images/blog/single/02.jpg]
[demos.codexcoder.com/themeforest/html/casina/casina/assets/images/blog/single/03.jpg]
[demos.codexcoder.com/themeforest/html/casina/casina/assets/images/blog/author/01.jpg]
[demos.codexcoder.com/themeforest/html/casina/casina/assets/images/blog/author/02.jpg]
[demos.codexcoder.com/themeforest/html/casina/casina/assets/images/blog/author/03.jpg]
[demos.codexcoder.com/themeforest/html/casina/casina/blog-single.html]
[demos.codexcoder.com/themeforest/html/casina/casina/assets/images/contact/icon/01.png]
[demos.codexcoder.com/themeforest/html/casina/casina/assets/images/contact/icon/02.png]
[demos.codexcoder.com/themeforest/html/casina/casina/assets/images/contact/icon/03.png]
[demos.codexcoder.com/themeforest/html/casina/casina/contact.html]
[demos.codexcoder.com/themeforest/html/casina/casina/team-single.html]
[demos.codexcoder.com/themeforest/html/casina/casina/assets/fonts/lightcaseeead.svg]
[demos.codexcoder.com/themeforest/html/casina/casina/assets/images/pricing-plan/pricing-plan.svg]
