[soziety.dexignzone.com/welcome.html]
[backblue.gif]
[fade.gif]
[index.html]
[soziety.dexignzone.com/xhtml/social-image.png]
[soziety.dexignzone.com/welcome/images/favicon.png]
[soziety.dexignzone.com/index.html]
[soziety.dexignzone.com/welcome/images/logo-white.png]
[soziety.dexignzone.com/doc/index.html]
[soziety.dexignzone.com/welcome/images/background/bg.png]
[soziety.dexignzone.com/welcome/images/side1.png]
[soziety.dexignzone.com/welcome/images/side2.png]
[soziety.dexignzone.com/welcome/images/canvas.png]
[soziety.dexignzone.com/xhtml/index.html]
[soziety.dexignzone.com/welcome/images/mobile/home.png]
[soziety.dexignzone.com/welcome/images/mobile/color-1.png]
[soziety.dexignzone.com/welcome/images/mobile/color-2.png]
[soziety.dexignzone.com/welcome/images/mobile/color-3.png]
[soziety.dexignzone.com/welcome/images/mobile/color-4.png]
[soziety.dexignzone.com/welcome/images/mobile/color-5.png]
[soziety.dexignzone.com/welcome/images/mobile/color-6.png]
[soziety.dexignzone.com/welcome/images/mobile/color-7.png]
[soziety.dexignzone.com/welcome/images/mobile/color-8.png]
[soziety.dexignzone.com/welcome/images/mobile/color-9.png]
[soziety.dexignzone.com/welcome/images/mobile/color-10.png]
[soziety.dexignzone.com/welcome/images/mobile/color-11.png]
[soziety.dexignzone.com/welcome/images/dark-mode.png]
[soziety.dexignzone.com/welcome/images/mobile/welcome.png]
[soziety.dexignzone.com/welcome/images/mobile/login.png]
[soziety.dexignzone.com/welcome/images/mobile/register.png]
[soziety.dexignzone.com/welcome/images/mobile/change-password.png]
[soziety.dexignzone.com/welcome/images/mobile/forgot.png]
[soziety.dexignzone.com/welcome/images/mobile/otp.png]
[soziety.dexignzone.com/welcome/images/mobile/timeline.png]
[soziety.dexignzone.com/welcome/images/video/video2.mp4]
[soziety.dexignzone.com/welcome/images/mobile/comment.png]
[soziety.dexignzone.com/welcome/images/mobile/user-profile.png]
[soziety.dexignzone.com/welcome/images/mobile/message.png]
[soziety.dexignzone.com/welcome/images/video/video1.mp4]
[soziety.dexignzone.com/welcome/images/mobile/notification.png]
[soziety.dexignzone.com/welcome/images/mobile/video-call.png]
[soziety.dexignzone.com/welcome/images/mobile/accordion.png]
[soziety.dexignzone.com/welcome/images/mobile/avatar.png]
[soziety.dexignzone.com/welcome/images/mobile/alerts.png]
[soziety.dexignzone.com/welcome/images/mobile/cards.png]
[soziety.dexignzone.com/welcome/images/mobile/radio.png]
[soziety.dexignzone.com/welcome/images/mobile/badge.png]
[soziety.dexignzone.com/welcome/images/mobile/input.png]
[soziety.dexignzone.com/welcome/images/mobile/button-group.png]
[soziety.dexignzone.com/welcome/images/mobile/button.png]
[soziety.dexignzone.com/welcome/images/mobile/light-home.png]
[soziety.dexignzone.com/welcome/images/mobile/dark-home-2.png]
[soziety.dexignzone.com/welcome/images/background/pic1.png]
[soziety.dexignzone.com/welcome/images/background/pic2.png]
[soziety.dexignzone.com/welcome/images/background/pic3.png]
[soziety.dexignzone.com/welcome/images/background/pic4.png]
[soziety.dexignzone.com/welcome/images/background/footer-bg.png]
[soziety.dexignzone.com/welcome/images/dexignzone.png]
[soziety.dexignzone.com/welcome/images/product/jobie.png]
[soziety.dexignzone.com/welcome/images/product/gawee.png]
[soziety.dexignzone.com/welcome/images/product/karier.png]
[soziety.dexignzone.com/welcome/images/product/ajari.png]
[soziety.dexignzone.com/welcome/images/product/kede.png]
[soziety.dexignzone.com/welcome/images/product/biji.png]
[soziety.dexignzone.com/welcome/images/product/sayur.png]
[soziety.dexignzone.com/welcome/images/product/gaya.png]
[soziety.dexignzone.com/welcome/images/product/ombe.png]
[soziety.dexignzone.com/welcome/images/product/foodia.png]
[soziety.dexignzone.com/welcome.html]
[soziety.dexignzone.com/welcome/vendor/animate/animate.css]
[soziety.dexignzone.com/xhtml/error.html]
[soziety.dexignzone.com/welcome/vendor/owl-carousel/owl.carousel.css]
[soziety.dexignzone.com/welcome/vendor/themify-icons/fonts/themify9f249f24.eot]
[soziety.dexignzone.com/welcome/vendor/themify-icons/fonts/themifyd41dd41d.eot]
[soziety.dexignzone.com/welcome/vendor/themify-icons/fonts/themify.woff]
[soziety.dexignzone.com/welcome/vendor/themify-icons/fonts/themify.ttf]
[soziety.dexignzone.com/welcome/vendor/themify-icons/css/themify-icons.css]
[soziety.dexignzone.com/index-2.html]
[soziety.dexignzone.com/welcome/images/bg-gradient.png]
[soziety.dexignzone.com/welcome/images/border.png]
[soziety.dexignzone.com/welcome/images/line.png]
[soziety.dexignzone.com/welcome/images/bg1.jpg]
[soziety.dexignzone.com/welcome/css/style.css]
[soziety.dexignzone.com/welcome/images/vector.svg]
[soziety.dexignzone.com/welcome/images/logo.png]
[soziety.dexignzone.com/index.html]
[soziety.dexignzone.com/doc/images/favicon.png]
[soziety.dexignzone.com/doc/images/logo.png]
[soziety.dexignzone.com/doc/images/jsn.png]
[soziety.dexignzone.com/doc/images/screenshot/head-section.png]
[soziety.dexignzone.com/doc/images/screenshot/sidebar-nav.png]
[soziety.dexignzone.com/doc/images/screenshot/footer-script.png]
[soziety.dexignzone.com/doc/images/screenshot/manifest.png]
[soziety.dexignzone.com/doc/images/screenshot/service.png]
[soziety.dexignzone.com/doc/images/product/karier.png]
[soziety.dexignzone.com/doc/images/product/biji.png]
[soziety.dexignzone.com/doc/images/product/sayur.png]
[soziety.dexignzone.com/doc/images/product/ajari.png]
[soziety.dexignzone.com/doc/images/product/kede.png]
[soziety.dexignzone.com/doc/images/product/gawee.png]
[soziety.dexignzone.com/doc/images/product/jobie.png]
[soziety.dexignzone.com/doc/images/product/gaya.png]
[soziety.dexignzone.com/doc/images/product/ombe.png]
[soziety.dexignzone.com/doc/images/product/foodia.png]
[soziety.dexignzone.com/doc/images/bg1.png]
[soziety.dexignzone.com/doc/index.html]
[soziety.dexignzone.com/xhtml/assets/images/favicon.png]
[soziety.dexignzone.com/xhtml/manifest.json]
[soziety.dexignzone.com/xhtml/reels.html]
[soziety.dexignzone.com/xhtml/notification.html]
[soziety.dexignzone.com/xhtml/assets/images/stories/small/pic1.jpg]
[soziety.dexignzone.com/xhtml/welcome.html]
[soziety.dexignzone.com/xhtml/pages.html]
[soziety.dexignzone.com/xhtml/ui-components.html]
[soziety.dexignzone.com/xhtml/profile.html]
[soziety.dexignzone.com/xhtml/chat.html]
[soziety.dexignzone.com/xhtml/story.html]
[soziety.dexignzone.com/xhtml/assets/images/stories/small/pic8.jpg]
[soziety.dexignzone.com/xhtml/live-story.html]
[soziety.dexignzone.com/xhtml/assets/images/stories/small/pic2.jpg]
[soziety.dexignzone.com/xhtml/assets/images/stories/small/pic3.jpg]
[soziety.dexignzone.com/xhtml/assets/images/stories/small/pic4.jpg]
[soziety.dexignzone.com/xhtml/assets/images/stories/small/pic5.jpg]
[soziety.dexignzone.com/xhtml/assets/images/stories/small/pic6.jpg]
[soziety.dexignzone.com/xhtml/assets/images/stories/small/pic7.jpg]
[soziety.dexignzone.com/xhtml/user-profile.html]
[soziety.dexignzone.com/xhtml/assets/images/post/pic1.png]
[soziety.dexignzone.com/xhtml/comment.html]
[soziety.dexignzone.com/xhtml/assets/images/post/pic2.png]
[soziety.dexignzone.com/xhtml/assets/images/post/pic8.png]
[soziety.dexignzone.com/xhtml/timeline.html]
[soziety.dexignzone.com/xhtml/create-post.html]
[soziety.dexignzone.com/xhtml/assets/images/icon.png]
[soziety.dexignzone.com/xhtml/index.html]
[soziety.dexignzone.com/welcome/images/shield.svg]
[soziety.dexignzone.com/welcome/vendor/global/global.min.js]
[soziety.dexignzone.com/welcome/vendor/wow/wow.js]
[soziety.dexignzone.com/welcome/vendor/owl-carousel/owl.carousel.js]
[soziety.dexignzone.com/welcome/js/dz.ajax.js]
[soziety.dexignzone.com/welcome/js/dz.carousel.js]
[dzassets.s3.amazonaws.com/w3-global.js]
[soziety.dexignzone.com/xhtml/index2f35.html]
[soziety.dexignzone.com/welcome/js/custom.js]
[soziety.dexignzone.com/xhtml/indexd060.html]
[soziety.dexignzone.com/xhtml/error.html]
[soziety.dexignzone.com/welcome/vendor/themify-icons/fonts/themify9f249f24.svg]
[soziety.dexignzone.com/index-2.html]
[soziety.dexignzone.com/welcome/images/check.svg]
[soziety.dexignzone.com/doc/fonts/glyphicons-halflings-regular.eot]
[soziety.dexignzone.com/doc/fonts/glyphicons-halflings-regulard41d.eot]
[soziety.dexignzone.com/doc/fonts/glyphicons-halflings-regular.woff2]
[soziety.dexignzone.com/doc/fonts/glyphicons-halflings-regular.woff]
[soziety.dexignzone.com/doc/fonts/glyphicons-halflings-regular.ttf]
[soziety.dexignzone.com/doc/css/bootstrap.css]
[soziety.dexignzone.com/doc/plugins/jstree/dist/themes/default/32px.png]
[soziety.dexignzone.com/doc/plugins/jstree/dist/themes/default/throbber.gif]
[soziety.dexignzone.com/doc/plugins/jstree/dist/themes/default/40px.png]
[soziety.dexignzone.com/doc/plugins/jstree/dist/themes/default/style.min.css]
[soziety.dexignzone.com/doc/css/scrollbar.css]
[soziety.dexignzone.com/doc/fonts/fontawesome-webfont3e6e.eot]
[soziety.dexignzone.com/doc/fonts/fontawesome-webfontd41d.eot]
[soziety.dexignzone.com/doc/fonts/fontawesome-webfont3e6e.woff]
[soziety.dexignzone.com/doc/fonts/fontawesome-webfont3e6e.ttf]
[soziety.dexignzone.com/doc/css/font-awesome.css]
[soziety.dexignzone.com/doc/fonts/lanenar_Lane.eot]
[soziety.dexignzone.com/doc/fonts/lanenar_Laned41d.eot]
[soziety.dexignzone.com/doc/fonts/lanenar_Lane.woff]
[soziety.dexignzone.com/doc/fonts/lanenar_Lane.ttf]
[soziety.dexignzone.com/doc/images/slide.png]
[soziety.dexignzone.com/doc/css/styles.css]
[soziety.dexignzone.com/doc/js/jquery.min.js]
[soziety.dexignzone.com/doc/js/bootstrap.min.js]
[soziety.dexignzone.com/doc/plugins/jstree/dist/jstree.min.js]
[soziety.dexignzone.com/doc/js/jquery.scrollTo.min.js]
[soziety.dexignzone.com/doc/js/jquery.localScroll.min.js]
[soziety.dexignzone.com/doc/js/scrollbar.min.js]
[soziety.dexignzone.com/doc/js/custom.js]
[soziety.dexignzone.com/xhtml/assets/vendor/bootstrap-touchspin/dist/jquery.bootstrap-touchspin.min.css]
[soziety.dexignzone.com/xhtml/assets/vendor/swiper/swiper-bundle.min.css]
[soziety.dexignzone.com/xhtml/assets/images/bg-shape-dark.png]
[soziety.dexignzone.com/xhtml/assets/images/bg-shape.png]
[soziety.dexignzone.com/xhtml/assets/css/style.css]
[soziety.dexignzone.com/xhtml/assets/images/reels/video1.mp4]
[soziety.dexignzone.com/xhtml/assets/images/reels/video2.mp4]
[soziety.dexignzone.com/xhtml/assets/images/reels/video3.mp4]
[soziety.dexignzone.com/xhtml/assets/images/reels/video4.mp4]
[soziety.dexignzone.com/xhtml/assets/images/reels/video5.mp4]
[soziety.dexignzone.com/xhtml/reels.html]
[soziety.dexignzone.com/xhtml/assets/images/post/pic3.png]
[soziety.dexignzone.com/xhtml/assets/images/post/pic4.png]
[soziety.dexignzone.com/xhtml/assets/images/post/pic5.png]
[soziety.dexignzone.com/xhtml/assets/images/post/pic6.png]
[soziety.dexignzone.com/xhtml/notification.html]
[soziety.dexignzone.com/xhtml/assets/images/login/pic1.jpg]
[soziety.dexignzone.com/xhtml/register.html]
[soziety.dexignzone.com/xhtml/login.html]
[soziety.dexignzone.com/xhtml/forgot-password.html]
[soziety.dexignzone.com/xhtml/welcome.html]
[soziety.dexignzone.com/xhtml/explore.html]
[soziety.dexignzone.com/xhtml/setting.html]
[soziety.dexignzone.com/xhtml/messages-detail.html]
[soziety.dexignzone.com/xhtml/otp-confirm.html]
[soziety.dexignzone.com/xhtml/change-password.html]
[soziety.dexignzone.com/xhtml/pages.html]
[soziety.dexignzone.com/xhtml/ui-accordion.html]
[soziety.dexignzone.com/xhtml/ui-action-modal.html]
[soziety.dexignzone.com/xhtml/ui-action-sheet.html]
[soziety.dexignzone.com/xhtml/ui-alert.html]
[soziety.dexignzone.com/xhtml/ui-avatar.html]
[soziety.dexignzone.com/xhtml/ui-button.html]
[soziety.dexignzone.com/xhtml/ui-radio.html]
[soziety.dexignzone.com/xhtml/ui-badge.html]
[soziety.dexignzone.com/xhtml/ui-button-group.html]
[soziety.dexignzone.com/xhtml/ui-card.html]
[soziety.dexignzone.com/xhtml/charts.html]
[soziety.dexignzone.com/xhtml/ui-chips.html]
[soziety.dexignzone.com/xhtml/ui-dropdown.html]
[soziety.dexignzone.com/xhtml/ui-input.html]
[soziety.dexignzone.com/xhtml/ui-timeline.html]
[soziety.dexignzone.com/xhtml/ui-list-group.html]
[soziety.dexignzone.com/xhtml/ui-modal.html]
[soziety.dexignzone.com/xhtml/ui-progressbar.html]
[soziety.dexignzone.com/xhtml/ui-social.html]
[soziety.dexignzone.com/xhtml/ui-typography.html]
[soziety.dexignzone.com/xhtml/ui-toast.html]
[soziety.dexignzone.com/xhtml/ui-treeview.html]
[soziety.dexignzone.com/xhtml/ui-tab.html]
[soziety.dexignzone.com/xhtml/ui-switch.html]
[soziety.dexignzone.com/xhtml/ui-stepper.html]
[soziety.dexignzone.com/xhtml/ui-spinner.html]
[soziety.dexignzone.com/xhtml/ui-range-slider.html]
[soziety.dexignzone.com/xhtml/ui-lightgallery.html]
[soziety.dexignzone.com/xhtml/ui-divider.html]
[soziety.dexignzone.com/xhtml/language.html]
[soziety.dexignzone.com/xhtml/ui-components.html]
[soziety.dexignzone.com/xhtml/assets/images/stories/pic1.png]
[soziety.dexignzone.com/xhtml/edit-profile.html]
[soziety.dexignzone.com/xhtml/social-friends.html]
[soziety.dexignzone.com/xhtml/assets/images/post/pic7.png]
[soziety.dexignzone.com/xhtml/assets/images/post/pic9.png]
[soziety.dexignzone.com/xhtml/assets/images/post/pic12.png]
[soziety.dexignzone.com/xhtml/profile.html]
[soziety.dexignzone.com/xhtml/assets/images/message/pic1.jpg]
[soziety.dexignzone.com/xhtml/assets/images/message/pic2.jpg]
[soziety.dexignzone.com/xhtml/assets/images/message/pic3.jpg]
[soziety.dexignzone.com/xhtml/assets/images/message/pic4.jpg]
[soziety.dexignzone.com/xhtml/assets/images/message/pic5.jpg]
[soziety.dexignzone.com/xhtml/chat.html]
[soziety.dexignzone.com/xhtml/assets/images/stories/girl.jpg]
[soziety.dexignzone.com/xhtml/assets/images/stories/9.png]
[soziety.dexignzone.com/xhtml/story.html]
[soziety.dexignzone.com/xhtml/assets/images/stories/pic2.png]
[soziety.dexignzone.com/xhtml/assets/images/stories/pic3.png]
[soziety.dexignzone.com/xhtml/live-story.html]
[soziety.dexignzone.com/xhtml/user-profile.html]
[soziety.dexignzone.com/xhtml/comment.html]
[soziety.dexignzone.com/xhtml/assets/images/post/pic10.png]
[soziety.dexignzone.com/xhtml/timeline.html]
[soziety.dexignzone.com/xhtml/assets/images/post/pic11.png]
[soziety.dexignzone.com/xhtml/new-post.html]
[soziety.dexignzone.com/xhtml/create-post.html]
[soziety.dexignzone.com/xhtml/assets/js/jquery.js]
[soziety.dexignzone.com/xhtml/assets/vendor/bootstrap/js/bootstrap.bundle.min.js]
[soziety.dexignzone.com/xhtml/assets/vendor/swiper/swiper-bundle.min.js]
[soziety.dexignzone.com/xhtml/assets/vendor/bootstrap-touchspin/dist/jquery.bootstrap-touchspin.min.js]
[soziety.dexignzone.com/xhtml/assets/js/dz.carousel.js]
[soziety.dexignzone.com/xhtml/assets/js/settings.js]
[soziety.dexignzone.com/xhtml/assets/js/custom.js]
[soziety.dexignzone.com/xhtml/index.js]
[soziety.dexignzone.com/xhtml/index2f35.html]
[soziety.dexignzone.com/xhtml/indexd060.html]
[soziety.dexignzone.com/doc/fonts/glyphicons-halflings-regular.svg]
[soziety.dexignzone.com/doc/fonts/fontawesome-webfont3e6e.svg]
[soziety.dexignzone.com/doc/fonts/lanenar_Lane.svg]
[soziety.dexignzone.com/xhtml/assets/vendor/fontawesome/webfonts/fa-brands-400.woff2]
[soziety.dexignzone.com/xhtml/assets/vendor/fontawesome/webfonts/fa-brands-400.ttf]
[soziety.dexignzone.com/xhtml/assets/vendor/fontawesome/webfonts/fa-regular-400.woff2]
[soziety.dexignzone.com/xhtml/assets/vendor/fontawesome/webfonts/fa-regular-400.ttf]
[soziety.dexignzone.com/xhtml/assets/vendor/fontawesome/webfonts/fa-solid-900.woff2]
[soziety.dexignzone.com/xhtml/assets/vendor/fontawesome/webfonts/fa-solid-900.ttf]
[soziety.dexignzone.com/xhtml/assets/vendor/fontawesome/webfonts/fa-v4compatibility.woff2]
[soziety.dexignzone.com/xhtml/assets/vendor/fontawesome/css/all.min.css]
[soziety.dexignzone.com/xhtml/assets/vendor/fontawesome/webfonts/fa-v4compatibility.ttf]
[soziety.dexignzone.com/xhtml/assets/vendor/flaticon/flaticon1486.ttf]
[soziety.dexignzone.com/xhtml/assets/vendor/flaticon/flaticon1486.woff]
[soziety.dexignzone.com/xhtml/assets/vendor/flaticon/flaticon1486.woff2]
[soziety.dexignzone.com/xhtml/assets/vendor/flaticon/flaticon1486.eot]
[soziety.dexignzone.com/xhtml/assets/vendor/flaticon/flaticon.css]
[soziety.dexignzone.com/xhtml/assets/vendor/uicons-solid-rounded/webfonts/uicons-solid-rounded.eot]
[soziety.dexignzone.com/xhtml/assets/vendor/uicons-solid-rounded/webfonts/uicons-solid-rounded.woff2]
[soziety.dexignzone.com/xhtml/assets/vendor/uicons-solid-rounded/webfonts/uicons-solid-rounded.woff]
[soziety.dexignzone.com/xhtml/assets/vendor/uicons-solid-rounded/css/uicons-solid-rounded.css]
[soziety.dexignzone.com/xhtml/assets/vendor/line-awesome/fonts/la-brands-400.eot]
[soziety.dexignzone.com/xhtml/assets/vendor/line-awesome/fonts/la-brands-400d41d.eot]
[soziety.dexignzone.com/xhtml/assets/vendor/line-awesome/fonts/la-brands-400.woff2]
[soziety.dexignzone.com/xhtml/assets/vendor/line-awesome/fonts/la-brands-400.woff]
[soziety.dexignzone.com/xhtml/assets/vendor/line-awesome/fonts/la-brands-400.ttf]
[soziety.dexignzone.com/xhtml/assets/vendor/line-awesome/fonts/la-regular-400.eot]
[soziety.dexignzone.com/xhtml/assets/vendor/line-awesome/fonts/la-regular-400d41d.eot]
[soziety.dexignzone.com/xhtml/assets/vendor/line-awesome/fonts/la-regular-400.woff2]
[soziety.dexignzone.com/xhtml/assets/vendor/line-awesome/fonts/la-regular-400.woff]
[soziety.dexignzone.com/xhtml/assets/vendor/line-awesome/fonts/la-regular-400.ttf]
[soziety.dexignzone.com/xhtml/assets/vendor/line-awesome/fonts/la-solid-900.eot]
[soziety.dexignzone.com/xhtml/assets/vendor/line-awesome/fonts/la-solid-900d41d.eot]
[soziety.dexignzone.com/xhtml/assets/vendor/line-awesome/fonts/la-solid-900.woff2]
[soziety.dexignzone.com/xhtml/assets/vendor/line-awesome/fonts/la-solid-900.woff]
[soziety.dexignzone.com/xhtml/assets/vendor/line-awesome/fonts/la-solid-900.ttf]
[soziety.dexignzone.com/xhtml/assets/vendor/line-awesome/css/line-awesome.min.css]
[soziety.dexignzone.com/xhtml/assets/vendor/themify-icons/fonts/themify9f249f24.eot]
[soziety.dexignzone.com/xhtml/assets/vendor/themify-icons/fonts/themifyd41dd41d.eot]
[soziety.dexignzone.com/xhtml/assets/vendor/themify-icons/fonts/themify.woff]
[soziety.dexignzone.com/xhtml/assets/vendor/themify-icons/fonts/themify.ttf]
[soziety.dexignzone.com/xhtml/assets/vendor/themify-icons/css/themify-icons.css]
[soziety.dexignzone.com/xhtml/assets/vendor/wow/css/libs/animate.css]
[soziety.dexignzone.com/xhtml/assets/images/vector.svg]
[soziety.dexignzone.com/xhtml/assets/images/login/pic3.jpg]
[soziety.dexignzone.com/xhtml/register.html]
[soziety.dexignzone.com/xhtml/assets/images/login/pic4.jpg]
[soziety.dexignzone.com/xhtml/assets/images/icons/facebook.png]
[soziety.dexignzone.com/xhtml/login.html]
[soziety.dexignzone.com/xhtml/assets/images/icons/google.png]
[soziety.dexignzone.com/xhtml/assets/images/login/pic6.jpg]
[soziety.dexignzone.com/xhtml/assets/images/flags/australia.png]
[soziety.dexignzone.com/xhtml/assets/images/flags/india.png]
[soziety.dexignzone.com/xhtml/assets/images/flags/uae.png]
[soziety.dexignzone.com/xhtml/assets/images/flags/us.png]
[soziety.dexignzone.com/xhtml/forgot-password.html]
[soziety.dexignzone.com/xhtml/assets/vendor/wow/dist/wow.min.js]
[soziety.dexignzone.com/xhtml/explore.html]
[soziety.dexignzone.com/xhtml/security.html]
[soziety.dexignzone.com/xhtml/account.html]
[soziety.dexignzone.com/xhtml/about.html]
[soziety.dexignzone.com/xhtml/privacy-policy.html]
[soziety.dexignzone.com/xhtml/setting.html]
[soziety.dexignzone.com/xhtml/terms-use.html]
[soziety.dexignzone.com/xhtml/video-call.html]
[soziety.dexignzone.com/xhtml/messages-detail.html]
[soziety.dexignzone.com/xhtml/assets/images/login/pic5.jpg]
[soziety.dexignzone.com/xhtml/otp-confirm.html]
[soziety.dexignzone.com/xhtml/assets/images/login/pic2.jpg]
[soziety.dexignzone.com/xhtml/change-password.html]
[soziety.dexignzone.com/xhtml/ui-accordion.html]
[soziety.dexignzone.com/xhtml/ui-action-modal.html]
[soziety.dexignzone.com/xhtml/ui-action-sheet.html]
[soziety.dexignzone.com/xhtml/ui-alert.html]
[soziety.dexignzone.com/xhtml/assets/images/avatar/1.jpg]
[soziety.dexignzone.com/xhtml/assets/images/avatar/2.jpg]
[soziety.dexignzone.com/xhtml/assets/images/avatar/3.jpg]
[soziety.dexignzone.com/xhtml/assets/images/avatar/4.jpg]
[soziety.dexignzone.com/xhtml/assets/images/avatar/5.jpg]
[soziety.dexignzone.com/xhtml/ui-avatar.html]
[soziety.dexignzone.com/xhtml/ui-button.html]
[soziety.dexignzone.com/xhtml/ui-radio.html]
[soziety.dexignzone.com/xhtml/ui-badge.html]
[soziety.dexignzone.com/xhtml/ui-button-group.html]
[soziety.dexignzone.com/xhtml/ui-card.html]
[soziety.dexignzone.com/xhtml/charts.html]
[soziety.dexignzone.com/xhtml/assets/images/author/pic1.png]
[soziety.dexignzone.com/xhtml/ui-chips.html]
[soziety.dexignzone.com/xhtml/ui-dropdown.html]
[soziety.dexignzone.com/xhtml/ui-input.html]
[soziety.dexignzone.com/xhtml/assets/images/avatar/7.jpg]
[soziety.dexignzone.com/xhtml/assets/images/avatar/8.jpg]
[soziety.dexignzone.com/xhtml/ui-timeline.html]
[soziety.dexignzone.com/xhtml/assets/images/avatar/6.jpg]
[soziety.dexignzone.com/xhtml/ui-list-group.html]
[soziety.dexignzone.com/xhtml/ui-modal.html]
[soziety.dexignzone.com/xhtml/ui-progressbar.html]
[soziety.dexignzone.com/xhtml/ui-social.html]
[soziety.dexignzone.com/xhtml/ui-typography.html]
[soziety.dexignzone.com/xhtml/ui-toast.html]
[soziety.dexignzone.com/xhtml/ui-treeview.html]
[soziety.dexignzone.com/xhtml/ui-tab.html]
[soziety.dexignzone.com/xhtml/ui-switch.html]
[soziety.dexignzone.com/xhtml/ui-stepper.html]
[soziety.dexignzone.com/xhtml/ui-spinner.html]
[soziety.dexignzone.com/xhtml/ui-range-slider.html]
[soziety.dexignzone.com/xhtml/ui-lightgallery.html]
[soziety.dexignzone.com/xhtml/ui-divider.html]
[soziety.dexignzone.com/xhtml/language.html]
[soziety.dexignzone.com/xhtml/assets/vendor/lightgallery/dist/fonts/lgb687.woff2]
[soziety.dexignzone.com/xhtml/assets/vendor/lightgallery/dist/fonts/lgb687.ttf]
[soziety.dexignzone.com/xhtml/assets/vendor/lightgallery/dist/fonts/lgb687.woff]
[soziety.dexignzone.com/xhtml/assets/vendor/lightgallery/dist/images/loading.gif]
[soziety.dexignzone.com/xhtml/assets/vendor/lightgallery/dist/css/lightgallery.css]
[soziety.dexignzone.com/xhtml/assets/vendor/lightgallery/dist/css/lg-thumbnail.css]
[soziety.dexignzone.com/xhtml/assets/vendor/lightgallery/dist/css/lg-zoom.css]
[soziety.dexignzone.com/xhtml/edit-profile.html]
[soziety.dexignzone.com/xhtml/social-friends.html]
[soziety.dexignzone.com/xhtml/assets/vendor/lightgallery/dist/lightgallery.umd.js]
[soziety.dexignzone.com/xhtml/assets/vendor/lightgallery/dist/plugins/thumbnail/lg-thumbnail.umd.js]
[soziety.dexignzone.com/xhtml/assets/vendor/lightgallery/dist/plugins/zoom/lg-zoom.umd.js]
[soziety.dexignzone.com/xhtml/new-post.html]
[soziety.dexignzone.com/xhtml/app.js]
[soziety.dexignzone.com/xhtml/assets/vendor/flaticon/flaticon1486.svg]
[soziety.dexignzone.com/xhtml/assets/vendor/line-awesome/fonts/la-brands-400.svg]
[soziety.dexignzone.com/xhtml/assets/vendor/line-awesome/fonts/la-regular-400.svg]
[soziety.dexignzone.com/xhtml/assets/vendor/line-awesome/fonts/la-solid-900.svg]
[soziety.dexignzone.com/xhtml/assets/vendor/themify-icons/fonts/themify9f249f24.svg]
[soziety.dexignzone.com/xhtml/assets/vendor/bootstrap-select/dist/css/bootstrap-select.min.css]
[soziety.dexignzone.com/xhtml/assets/vendor/bootstrap-select/dist/js/bootstrap-select.min.js]
[soziety.dexignzone.com/xhtml/security.html]
[soziety.dexignzone.com/xhtml/account.html]
[soziety.dexignzone.com/xhtml/about.html]
[soziety.dexignzone.com/xhtml/privacy-policy.html]
[soziety.dexignzone.com/xhtml/terms-use.html]
[soziety.dexignzone.com/xhtml/video-call.html]
[soziety.dexignzone.com/xhtml/assets/vendor/star-rating/star-rating-svg.css]
[soziety.dexignzone.com/xhtml/assets/vendor/highlightjs/highlight.pack.min.js]
[soziety.dexignzone.com/xhtml/assets/vendor/star-rating/jquery.star-rating-svg.js]
[soziety.dexignzone.com/xhtml/assets/vendor/chart-js/chart.min.js]
[soziety.dexignzone.com/xhtml/assets/js/plugins/chartjs-init.js]
[soziety.dexignzone.com/xhtml/assets/vendor/imageuplodify/imageuploadify.min.css]
[soziety.dexignzone.com/xhtml/assets/vendor/imageuplodify/imageuploadify.min.js]
[soziety.dexignzone.com/xhtml/assets/vendor/jstree/dist/themes/default/32px.png]
[soziety.dexignzone.com/xhtml/assets/vendor/jstree/dist/themes/default/throbber.gif]
[soziety.dexignzone.com/xhtml/assets/vendor/jstree/dist/themes/default/40px.png]
[soziety.dexignzone.com/xhtml/assets/vendor/jstree/dist/themes/default/style.min.css]
[soziety.dexignzone.com/xhtml/assets/js/treeview.init.js]
[soziety.dexignzone.com/xhtml/assets/vendor/jstree/dist/jstree.min.js]
[soziety.dexignzone.com/xhtml/assets/vendor/nouislider/nouislider.min.css]
[soziety.dexignzone.com/xhtml/assets/vendor/nouislider/nouislider.min.js]
[soziety.dexignzone.com/xhtml/assets/vendor/wnumb/wNumb.js]
[soziety.dexignzone.com/xhtml/assets/js/noui-slider.init.js]
[soziety.dexignzone.com/xhtml/assets/vendor/lightgallery/dist/fonts/lgb687.svg]
